<?xml version="1.0" encoding="UTF-8"?>
<!-- Generated by org.testng.reporters.JUnitReportReporter -->
<testsuite hostname="DESKTOP-588JV8Q" failures="0" tests="1" name="testCases.VerifySignUpPage" time="21.671" errors="0" timestamp="2023-11-08T08:18:21 IST" skipped="0">
  <testcase classname="testCases.VerifySignUpPage" name="VerifySignUp" time="21.671"/>
</testsuite> <!-- testCases.VerifySignUpPage -->
