<?xml version="1.0" encoding="UTF-8"?>
<!-- Generated by org.testng.reporters.JUnitReportReporter -->
<testsuite hostname="DESKTOP-588JV8Q" failures="0" tests="1" name="testCases.ScreenShot" time="9.096" errors="0" timestamp="2023-11-01T19:31:35 IST" skipped="0">
  <testcase classname="testCases.ScreenShot" name="capturingScreenShot" time="9.096"/>
</testsuite> <!-- testCases.ScreenShot -->
