<?xml version="1.0" encoding="UTF-8"?>
<!-- Generated by org.testng.reporters.JUnitReportReporter -->
<testsuite hostname="DESKTOP-588JV8Q" failures="0" tests="1" name="testCases.VerifyLogin" time="15.036" errors="0" timestamp="2023-11-05T21:01:05 IST" skipped="0">
  <testcase classname="testCases.VerifyLogin" name="verifyLoginDemo" time="15.036"/>
</testsuite> <!-- testCases.VerifyLogin -->
