<?xml version="1.0" encoding="UTF-8"?>
<!-- Generated by org.testng.reporters.JUnitReportReporter -->
<testsuite hostname="DESKTOP-588JV8Q" failures="0" tests="1" name="testCases.ScreenShot1" time="8.669" errors="0" timestamp="2023-11-01T20:55:16 IST" skipped="0">
  <testcase classname="testCases.ScreenShot1" name="capturingscreenshot" time="8.669"/>
</testsuite> <!-- testCases.ScreenShot1 -->
