<?xml version="1.0" encoding="UTF-8"?>
<!-- Generated by org.testng.reporters.JUnitReportReporter -->
<testsuite hostname="DESKTOP-588JV8Q" failures="0" tests="1" name="testCases.LoginPage" time="12.361" errors="0" timestamp="2023-11-05T09:57:54 IST" skipped="0">
  <testcase classname="testCases.LoginPage" name="verifyLoginDemo" time="12.361"/>
</testsuite> <!-- testCases.LoginPage -->
