<?xml version="1.0" encoding="UTF-8"?>
<!-- Generated by org.testng.reporters.JUnitReportReporter -->
<testsuite hostname="DESKTOP-588JV8Q" failures="0" tests="1" name="testCases.A" time="0.026" errors="0" timestamp="2023-11-04T07:51:42 IST" skipped="0">
  <testcase classname="testCases.A" name="M1" time="0.026"/>
</testsuite> <!-- testCases.A -->
